PID		MEM 		CPU 		USER       	NLWP 		COUNTER		COMMAND
12570		0.0		0.0		root		1.0		2075672.0	[kworker/0:1]
21		0.0		0.0		root		1.0		2965062.0	[ksmd]
1081		0.0		0.0		lightdm		1.0		3.0		[systemd]
7		0.0		0.0656487674284	root		1.0		2965061.0	[rcu_sched]
15		0.0		0.0		root		1.0		2965061.0	[kworker/1:0H]
16389		6.72619640943	5.03919090085	ingjavi+	43.7942556912	1477149.0	/usr/lib/firefox/firefox
1103		0.0		0.148484848485	_apt		1.0		1584.0		/usr/lib/apt/methods/http
53		0.0		0.0		root		1.0		2965062.0	[acpi_thermal_pm]
9047		0.0		0.0		ingjavi+	1.99988261992	25558.0		/usr/bin/speech-dispatcher
101		0.0		0.0		root		1.0		2965060.0	[deferwq]
1688		0.0068402732224	0.0		ingjavi+	3.0		2965057.0	/usr/lib/ibus/ibus-engine-s
3447		0.0		0.0		ingjavi+	1.0		47.0		[du]
28		0.0		0.0		root		1.0		2965062.0	[md]
12851		0.0		0.000002453	root		1.0		2527741.0	[kworker/u4:2]
1703		0.195388554	0.00145589082	ingjavi+	4.0		5930115.0	/usr/lib/unity-settings-dae
310		0.0		0.0		root		1.0		35553.0		[kworker/1:6]
16		0.0		0.0		root		1.0		2965061.0	[kdevtmpfs]
1795		0.0		0.0		ingjavi+	3.0		2965029.0	/usr/lib/dconf/dconf-servic
33		0.0		0.0		root		1.0		2965061.0	[kswapd0]
12660		0.0		0.0		root		1.0		18414.0		/lib/systemd/systemd-hostna
18		0.0		0.0		root		1.0		2965062.0	[perf]
23927		0.0		0.0		ingjavi+	1.0		41.0		[cut]
367		0.0		0.0		root		1.0		2965058.0	[iprt-VBoxWQueue]
35		0.0		0.0		root		1.0		2965061.0	[fsnotify_mark]
26		0.0		0.0		root		1.0		2965063.0	[kblockd]
104		0.0		0.0		root		1.0		101730.0	[kworker/u4:4]
27		0.0		0.0		root		1.0		2965062.0	[ata_sff]
150		0.0		0.0		root		1.0		2749206.0	[kworker/0:2]
11545		0.0		0.0		root		1.0		6124.0		[jfsCommit]
82		0.0		0.0		root		1.0		2965060.0	[scsi_tmf_1]
24		0.0		0.0		root		1.0		2965062.0	[kintegrityd]
11547		0.0		0.0		root		1.0		3062.0		[jfsSync]
22738		0.0		0.0		root		1.0		1605955.0	[kworker/1:1]
9021		0.0		0.0013077593722 ingjavi+	1.0		2294.0		[sh]
30318		0.0		0.0		ingjavi+	1.0		85.0		[find]
1674		0.00749553507	0.0		ingjavi+	3.50000008432	5930117.0	/usr/lib/at-spi2-core/at-sp
1394		0.07276688453	4.23464052288	_apt		1.0		459.0		/usr/lib/apt/methods/store
27887		0.0		0.0		root		1.0		2.0		[run-parts]
19314		0.0		0.0		ingjavi+	1.0		104.0		[awk]
3		0.0		0.207083260682	root		1.0		2965061.0	[ksoftirqd/0]
3623		0.175		1.140625	ingjavi+	5.61805555556	288.0		/usr/lib/gvfs/gvfsd-smb-bro
11533		0.0		0.0		root		1.0		3062.0		[xfs_mru_cache]
330		0.0		0.0		root		1.0		242683.0	[kworker/1:5]
648		0.0		0.0		root		1.0		2965058.0	/usr/sbin/acpid
26309		0.0		0.0		root		1.0		1.0		[snap]
1711		0.08437195200	0.0		ingjavi+	4.00110318172	2965060.0	/usr/lib/gnome-session/gnom
10453		0.0		0.0		root		1.0		6.0		sync
655		0.05413074550	0.0		root		3.0		2965058.0	/usr/sbin/ModemManager
1929		0.0		0.0		ingjavi+	3.0		2965056.0	/usr/lib/gvfs/gvfs-gphoto2-
776		0.05531574761	0.0002194560	root		3.0		2965058.0	/usr/lib/policykit-1/polkit
1739		2.50043631495	6.9280859072	ingjavi+	7.41982017227	2965060.0	compiz
2153		0.128976060502	0.0		ingjavi+	5.0		2965058.0	zeitgeist-datahub
2164		0.053421500213	0.0		ingjavi+	3.0002526088	2965059.0	/usr/bin/zeitgeist-daemon
178		0.0		0.0		root		1.0		2965060.0	[kworker/0:1H]
249		0.0		0.00004563	root		1.0		2965063.0	/lib/systemd/systemd-udevd
11544		0.0		0.0		root		1.0		3062.0		[jfsIO]
213		0.0		0.0		root		1.0		2965059.0	[kauditd]
758		0.0		0.0		lp		1.0		217341.0	/usr/lib/cups/notifier/dbus
16048		0.0		0.00318803759	root		1.0		2488396.0	[kworker/u4:0]
317		0.0		0.0		root		1.0		35553.0		[kworker/1:7]
762		0.05272208748	0.0		root		3.0		2965059.0	/usr/sbin/cups-browsed
632		0.0		0.0		root		1.0		2965059.0	/lib/systemd/systemd-logind
144		0.0		0.0		root		1.0		2965062.0	[kpsmoused]
23		0.0		0.0		root		1.0		2965061.0	[crypto]
241		0.0		0.0		root		1.0		669611.0	[kworker/1:4]
1893		0.0537366423	0.0		ingjavi+	3.0		2965055.0	/usr/lib/gvfs/gvfs-udisks2-
2		0.0		0.0		root		1.0		2965103.0	[kthreadd]
15472		0.0		0.0		root		1.0		12.0		(ostnamed)
4		0.0		0.0		root		1.0		1250544.0	[kworker/0:0]
1868		0.244102221306	0.000016512	ingjavi+	4.00048093511	2965057.0	nm-applet
2287		3.7352853251	1.5345579286	ingjavi+	19.0482691654	5928816.0	/home/ingjaviersalgado23/Py
25		0.0		0.0		root		1.0		80059725.0	[bioset]
16344		0.0		0.0		root		3.0		912.0		/usr/lib/NetworkManager/nm-
12		0.0		0.03484246524	root		1.0		2965060.0	[migration/1]
1746		0.087680016368	0.000008	ingjavi+	4.11115932291	26685490.0	/usr/lib/x86_64-linux-gnu/i
1581		13.9439728801	15.2677599327	ingjavi+	2.49999974705	5930121.0	/usr/lib/x86_64-linux-gnu/h
84		0.0		0.0		root		1.0		61453.0		[kworker/u4:3]
28366		0.05016454238	0.000183940068	ingjavi+	4.00106721061	2959116.0	/usr/lib/x86_64-linux-gnu/d
2116		0.0		0.0		ingjavi+	1.0		2127926.0	/usr/lib/x86_64-linux-gnu/g
1915		0.312933204005	0.00449148043	root		7.0		2965058.0	/usr/lib/x86_64-linux-gnu/f
1652		0.212226860686	0.001482194976	ingjavi+	4.04783947182	2965062.0	/usr/lib/x86_64-linux-gnu/b
19655		0.0		0.0		ingjavi+	1.0		132.0		[tail]
472		0.0		0.0		ingjavi+	1.0		1.0		[sort]
2171		0.08732962390	0.0		ingjavi+	3.0		2965058.0	/usr/lib/x86_64-linux-gnu/z
1715		0.193228868481	0.557811750413	ingjavi+	4.46119898988	5496777.0	/usr/lib/x86_64-linux-gnu/u
180		0.0		0.0		root		1.0		2965066.0	[jbd2/sda1-8]
2248		0.0		0.1		root		1.0		1.0		[aptd]
5824		1.47013463892	4.39571603427	ingjavi+	21.8212974296	817.0		/usr/lib/firefox/plugin-con
52		0.0		0.0		root		1.0		2965061.0	[kthrotld]
16496		0.0		0.0		root		1.0		1616983.0	[kworker/1:2]
1864		0.130987354819	0.000003069136	ingjavi+	4.0		2965003.0	/usr/lib/policykit-1-gnome/
26323		0.0		0.0		root		1.0		3.0		[systemd-cgroups]
32145		0.0		0.00000172888	root		1.0		2602837.0	[kworker/u4:1]
640		0.0		0.0		root		1.0		35664.0		[kworker/0:4]
154		0.0		0.0		root		1.0		2965061.0	[scsi_tmf_2]
88		0.0		0.0		root		1.0		2965061.0	[ipv6_addrconf]
29		0.0		0.0		root		1.0		2965062.0	[devfreq_wq]
152		0.0		0.0		root		1.0		2965058.0	[kworker/1:1H]
24371		0.0		0.0		ingjavi+	1.0		1240.0		[ps]
1402		0.0		0.0		ingjavi+	1.0		2968707.0	(sd-pam)
10		0.0		0.0		root		1.0		2965061.0	[watchdog/0]
1379		0.0702843650487	0.0		colord		3.0		2965062.0	/usr/lib/colord/colord
21197		0.0		0.0		root		1.0		11.0		[systemd-hostnam]
2419		0.206850285273	0.00016529182	ingjavi+	4.00005295004	2965059.0	update-notifier
5936		0.0		0.0		ingjavi+	1.0		22.0		[date]
1156		0.0		0.0		_apt		1.0		511.0		/usr/lib/apt/methods/gpgv
1659		0.211695374901	0.000399283522	ingjavi+	4.0		2965061.0	/usr/lib/ibus/ibus-ui-gtk3
8820		0.00238164211	0.002596838271  ingjavi+	1.0		48328.0		[python2.7]
153		0.0		0.0		root		1.0		2965061.0	[scsi_eh_2]
11		0.0		0.0		root		1.0		2965061.0	[watchdog/1]
36		0.0		0.0		root		1.0		2965063.0	[ecryptfs-kthrea]
677		0.06605120913	0.0		root		7.36649953104	2965057.0	/usr/lib/snapd/snapd
790		0.03411835451	0.0		root		3.0		2965058.0	/usr/sbin/lightdm
1351		0.0		0.0		rtkit		3.0		2965060.0	/usr/lib/rtkit/rtkit-daemon
29516		0.0		0.0		ingjavi+	1.0		1.0		[pkexec]
11531		0.0		0.0		root		1.0		3062.0		[xfsalloc]
2957		0.399352219392	0.127451157859	ingjavi+	4.03158738573	77341.0		/usr/lib/gnome-terminal/gno
19		0.0		0.0		root		1.0		2965061.0	[khungtaskd]
2193		0.0504802818992	.00000595	ingjavi+	4.0005230828	2829380.0	/usr/lib/gvfs/gvfsd-network
1635		0.0040173217405 0.0		ingjavi+	3.0003564852	2965060.0	/usr/lib/gvfs/gvfsd
10970		0.1773170596	0.001366591618  ingjavi+	4.00065805585	1265850.0	/usr/bin/unity-scope-loader
5		0.0		0.0		root		1.0		2965061.0	[kworker/0:0H]
9060		0.0249990217561	0.0		ingjavi+	3.49995108781	102224.0	/usr/lib/speech-dispatcher-
102		0.0		0.0		root		1.0		2965063.0	[charger_manager]
1658		0.0257313771708	0.0		ingjavi+	4.0		2965057.0	/usr/lib/ibus/ibus-dconf
22		0.0		0.0		root		1.0		2965062.0	[khugepaged]
14		0.0		0.0		root		1.0		2033384.0	[kworker/1:0]
26323		0.0		0.0		root		1.0		3.0		/lib/systemd/systemd-cgroup
8		0.0		0.0		root		1.0		2965060.0	[rcu_bh]
1909		0.0		0.0		ingjavi+	3.0		2965058.0	/usr/lib/gvfs/gvfs-mtp-volu
1917		0.0534243512268	0.0		ingjavi+	4.0		2965058.0	/usr/lib/gvfs/gvfs-afc-volu
307		0.0		0.0		root		1.0		83484.0		[kworker/0:3]
2964		0.0		0.003187539617	ingjavi+	1.0		77301.0		bash
1924		0.0		0.0		ingjavi+	3.0		2965057.0	/usr/lib/gvfs/gvfs-goa-volu
13		0.0		0.209278659266	root		1.0		2965062.0	[ksoftirqd/1]
80		0.0		0.0		root		1.0		2965060.0	[scsi_tmf_0]
26673		0.0		0.0		ingjavi+	1.0		54.0		[wc]
381		0.0		0.0		systemd+	2.0		2965058.0	/lib/systemd/systemd-timesy
81		0.0		0.0		root		1.0		2965062.0	[scsi_eh_1]
9		0.0		0.0314584990128	root		1.0		2965062.0	[migration/0]
225		0.0		0.0		root		1.0		142397.0	[kworker/1:3]
1368		0.053424603018	0.0		root		3.0		2965059.0	/usr/lib/upower/upowerd
627		0.0487767524278	0.0		root		3.0		2965058.0	/usr/lib/accountsservice/ac
26309		0.0		0.0		root		1.0		3.0		(snap)
1813		0.298445659288	0.00005288	ingjavi+	5.16680953472	17790308.0	/usr/lib/evolution/evolutio
20		0.0		0.0		root		1.0		2965059.0	[writeback]
3560		0.0		0.0		root		1.0		2.0		[dhclient]
2484		0.3		0.0		ingjavi+	4.0		27147.0		/usr/lib/update-notifier/sy
2026		0.0		0.0		ingjavi+	3.0		2965058.0	/usr/lib/gvfs/gvfsd-metadat
17997		0.0		0.0		root		1.0		1.0		(tmpfiles)
181		0.0		0.0		root		1.0		2965062.0	[ext4-rsv-conver]
1476		0.0109722552519	0.0		ingjavi+	3.99754438466	2968706.0	/usr/bin/gnome-keyring-daem
17		0.0		0.0		root		1.0		2965060.0	[netns]
34		0.0		0.0		root		1.0		2965063.0	[vmstat]
79		0.0		0.0		root		1.0		2965064.0	[scsi_eh_0]
431		0.0		0.0		root		1.0		2965058.0	[ttm_swap]
3556		0.3		0.0		ingjavi+	4.0		193853.0	/usr/lib/x86_64-linux-gnu/n
10373		0.0		35.0		root		1.0		2.0		gzip
2285		0.195348837209	0.46511627907	ingjavi+	3.93023255814	43.0		/usr/bin/gnome-terminal.rea
216		0.006353170514	0.0		root		1.0		2965055.0	/lib/systemd/systemd-journa
